<?xml version="1.0" encoding="UTF-8"?>
<testng-results skipped="0" failed="0" ignored="0" total="2" passed="2">
  <reporter-output>
  </reporter-output>
  <suite name="Suite" duration-ms="31714" started-at="2019-11-26T14:13:10Z" finished-at="2019-11-26T14:13:42Z">
    <groups>
    </groups>
    <test name="Test" duration-ms="31714" started-at="2019-11-26T14:13:10Z" finished-at="2019-11-26T14:13:42Z">
      <class name="tests.HomePageTest">
        <test-method status="PASS" signature="BeforeMethod()[pri:0, instance:tests.HomePageTest@14acaea5]" name="BeforeMethod" is-config="true" duration-ms="13105" started-at="2019-11-26T14:13:10Z" finished-at="2019-11-26T14:13:23Z">
          <reporter-output>
          </reporter-output>
        </test-method> <!-- BeforeMethod -->
        <test-method status="PASS" signature="msgButtonTest()[pri:2, instance:tests.HomePageTest@14acaea5]" name="msgButtonTest" duration-ms="1290" started-at="2019-11-26T14:13:23Z" finished-at="2019-11-26T14:13:24Z">
          <reporter-output>
          </reporter-output>
        </test-method> <!-- msgButtonTest -->
        <test-method status="PASS" signature="AfterMethod()[pri:0, instance:tests.HomePageTest@14acaea5]" name="AfterMethod" is-config="true" duration-ms="2575" started-at="2019-11-26T14:13:24Z" finished-at="2019-11-26T14:13:27Z">
          <reporter-output>
          </reporter-output>
        </test-method> <!-- AfterMethod -->
        <test-method status="PASS" signature="BeforeMethod()[pri:0, instance:tests.HomePageTest@14acaea5]" name="BeforeMethod" is-config="true" duration-ms="11186" started-at="2019-11-26T14:13:27Z" finished-at="2019-11-26T14:13:38Z">
          <reporter-output>
          </reporter-output>
        </test-method> <!-- BeforeMethod -->
        <test-method status="PASS" signature="singleInputFieldTest()[pri:3, instance:tests.HomePageTest@14acaea5]" name="singleInputFieldTest" duration-ms="1845" started-at="2019-11-26T14:13:38Z" finished-at="2019-11-26T14:13:40Z">
          <reporter-output>
          </reporter-output>
        </test-method> <!-- singleInputFieldTest -->
        <test-method status="PASS" signature="AfterMethod()[pri:0, instance:tests.HomePageTest@14acaea5]" name="AfterMethod" is-config="true" duration-ms="1673" started-at="2019-11-26T14:13:40Z" finished-at="2019-11-26T14:13:42Z">
          <reporter-output>
          </reporter-output>
        </test-method> <!-- AfterMethod -->
      </class> <!-- tests.HomePageTest -->
    </test> <!-- Test -->
  </suite> <!-- Suite -->
</testng-results>
